<?xml version="1.0" encoding="UTF-8"?>
<!-- Generated by org.testng.reporters.JUnitXMLReporter -->
<testsuite ignored="4" hostname="DESKTOP-53EJ0K8" failures="2" tests="2" name="Default test(failed)" time="0.07" errors="0" timestamp="2023-10-22T06:38:28 IST">
  <testcase classname="ins.aiite.TestNGP1.SampleClass3" name="test2" time="0.023">
    <failure type="java.lang.AssertionError" message="expected [true] but found [false]">
      <![CDATA[java.lang.AssertionError: expected [true] but found [false]
at ins.aiite.TestNGP1.SampleClass3.test2(SampleClass3.java:21)
at java.base/java.util.ArrayList.forEach(ArrayList.java:1511)
... Removed 31 stack frames]]>
    </failure>
  </testcase> <!-- test2 -->
  <testcase classname="ins.aiite.TestNGP1.SampleClass3" name="test1" time="0.001">
    <failure type="java.lang.AssertionError" message="expected [TestNG Session Day 1] but found [ Session Day 1]">
      <![CDATA[java.lang.AssertionError: expected [TestNG Session Day 1] but found [ Session Day 1]
at ins.aiite.TestNGP1.SampleClass3.test1(SampleClass3.java:13)
at java.base/java.util.ArrayList.forEach(ArrayList.java:1511)
... Removed 33 stack frames]]>
    </failure>
  </testcase> <!-- test1 -->
  <testcase classname="ins.aiite.TestNGP1.SampleClass3" name="test6" time="0.0">
    <ignored/>
  </testcase> <!-- test6 -->
  <testcase classname="ins.aiite.TestNGP1.SampleClass3" name="test3" time="0.0">
    <ignored/>
  </testcase> <!-- test3 -->
  <testcase classname="ins.aiite.TestNGP1.SampleClass3" name="test4" time="0.0">
    <ignored/>
  </testcase> <!-- test4 -->
  <testcase classname="ins.aiite.TestNGP1.SampleClass3" name="test5" time="0.0">
    <ignored/>
  </testcase> <!-- test5 -->
</testsuite> <!-- Default test(failed) -->
