<?xml version="1.0" encoding="UTF-8"?>
<!-- Generated by org.testng.reporters.JUnitXMLReporter -->
<testsuite ignored="0" hostname="DESKTOP-53EJ0K8" failures="0" tests="8" name="Default test" time="0.453" errors="0" timestamp="2023-10-22T08:09:02 IST">
  <testcase classname="ins.aiite.dataProvider.SampleDataProvider2" name="pickDataUsingDataProvider" time="0.006"/>
  <testcase classname="ins.aiite.dataProvider.SampleDataProvider2" name="pickDataUsingDataProvider" time="0.002"/>
  <testcase classname="ins.aiite.dataProvider.SampleDataProvider2" name="pickDataUsingDataProvider" time="0.0"/>
  <testcase classname="ins.aiite.dataProvider.SampleDataProvider2" name="pickDataUsingDataProvider" time="0.001"/>
  <testcase classname="ins.aiite.dataProvider.SampleDataProvider2" name="pickDataUsingDataProvider" time="0.001"/>
  <testcase classname="ins.aiite.dataProvider.SampleDataProvider2" name="pickDataUsingDataProvider" time="0.0"/>
  <testcase classname="ins.aiite.dataProvider.SampleDataProvider2" name="pickDataUsingDataProvider" time="0.001"/>
  <testcase classname="ins.aiite.dataProvider.SampleDataProvider2" name="pickDataUsingDataProvider" time="0.001"/>
</testsuite> <!-- Default test -->
