<?xml version="1.0" encoding="UTF-8"?>
<!-- Generated by org.testng.reporters.JUnitXMLReporter -->
<testsuite ignored="0" hostname="DESKTOP-53EJ0K8" failures="2" tests="16" name="ChromeTest" time="5.497" errors="0" timestamp="2023-10-22T06:31:20 IST">
  <testcase classname="ins.aiite.TestNGP1.SampleClass6" name="crossBrowser" time="5.398"/>
  <testcase classname="ins.aiite.TestNGP1.SampleClass5" name="username" time="0.001"/>
  <testcase classname="ins.aiite.TestNGP1.SampleClass4" name="test11" time="0.002"/>
  <testcase classname="ins.aiite.TestNGP1.SampleClass4" name="test22" time="0.001"/>
  <testcase classname="ins.aiite.TestNGP1.SampleClass4" name="test33" time="0.001"/>
  <testcase classname="ins.aiite.TestNGP1.SampleClass4" name="test44" time="0.001"/>
  <testcase classname="ins.aiite.TestNGP1.SampleClass4" name="test55" time="0.001"/>
  <testcase classname="ins.aiite.TestNGP1.SampleClass4" name="test66" time="0.0"/>
  <testcase classname="ins.aiite.TestNGP1.SampleClass3" name="test1" time="0.01">
    <failure type="java.lang.AssertionError" message="expected [TestNG Session Day 1] but found [ Session Day 1]">
      <![CDATA[java.lang.AssertionError: expected [TestNG Session Day 1] but found [ Session Day 1]
at ins.aiite.TestNGP1.SampleClass3.test1(SampleClass3.java:13)
at java.base/java.util.ArrayList.forEach(ArrayList.java:1511)
at java.base/java.util.concurrent.FutureTask.run(FutureTask.java:264)
at java.base/java.util.concurrent.ThreadPoolExecutor.runWorker(ThreadPoolExecutor.java:1136)
at java.base/java.util.concurrent.ThreadPoolExecutor$Worker.run(ThreadPoolExecutor.java:635)
at java.base/java.lang.Thread.run(Thread.java:833)
... Removed 23 stack frames]]>
    </failure>
  </testcase> <!-- test1 -->
  <testcase classname="ins.aiite.TestNGP1.SampleClass3" name="test2" time="0.0">
    <failure type="java.lang.AssertionError" message="expected [true] but found [false]">
      <![CDATA[java.lang.AssertionError: expected [true] but found [false]
at ins.aiite.TestNGP1.SampleClass3.test2(SampleClass3.java:21)
at java.base/java.util.ArrayList.forEach(ArrayList.java:1511)
at java.base/java.util.concurrent.FutureTask.run(FutureTask.java:264)
at java.base/java.util.concurrent.ThreadPoolExecutor.runWorker(ThreadPoolExecutor.java:1136)
at java.base/java.util.concurrent.ThreadPoolExecutor$Worker.run(ThreadPoolExecutor.java:635)
at java.base/java.lang.Thread.run(Thread.java:833)
... Removed 21 stack frames]]>
    </failure>
  </testcase> <!-- test2 -->
  <testcase classname="ins.aiite.TestNGP1.SampleClass3" name="test3" time="0.0"/>
  <testcase classname="ins.aiite.TestNGP1.SampleClass3" name="test4" time="0.0"/>
  <testcase classname="ins.aiite.TestNGP1.SampleClass3" name="test5" time="0.001"/>
  <testcase classname="ins.aiite.TestNGP1.SampleClass3" name="test6" time="0.0"/>
  <testcase classname="ins.aiite.TestNGP1.SampleClass5" name="password" time="0.001"/>
  <testcase classname="ins.aiite.TestNGP1.SampleClass5" name="login" time="0.0"/>
</testsuite> <!-- ChromeTest -->
