<?xml version="1.0" encoding="UTF-8"?>
<!-- Generated by org.testng.reporters.JUnitXMLReporter -->
<testsuite ignored="0" hostname="DESKTOP-53EJ0K8" failures="2" tests="6" name="Test2" time="0.015" errors="0" timestamp="2023-10-21T07:01:18 IST">
  <testcase classname="ins.aiite.TestNGP1.SampleClass1" name="test1" time="0.001">
    <failure type="java.lang.AssertionError" message="expected [TestNG Session Day 1] but found [Test]">
      <![CDATA[java.lang.AssertionError: expected [TestNG Session Day 1] but found [Test]
at ins.aiite.TestNGP1.SampleClass1.test1(SampleClass1.java:61)
at java.base/java.util.ArrayList.forEach(ArrayList.java:1511)
... Removed 33 stack frames]]>
    </failure>
  </testcase> <!-- test1 -->
  <testcase classname="ins.aiite.TestNGP1.SampleClass1" name="test2" time="0.0"/>
  <testcase classname="ins.aiite.TestNGP1.SampleClass1" name="test3" time="0.001">
    <failure type="java.lang.AssertionError" message="expected [false] but found [true]">
      <![CDATA[java.lang.AssertionError: expected [false] but found [true]
at ins.aiite.TestNGP1.SampleClass1.test3(SampleClass1.java:76)
at java.base/java.util.ArrayList.forEach(ArrayList.java:1511)
... Removed 31 stack frames]]>
    </failure>
  </testcase> <!-- test3 -->
  <testcase classname="ins.aiite.TestNGP1.SampleClass2" name="login" time="0.0"/>
  <testcase classname="ins.aiite.TestNGP1.SampleClass2" name="password" time="0.0"/>
  <testcase classname="ins.aiite.TestNGP1.SampleClass2" name="username" time="0.0"/>
</testsuite> <!-- Test2 -->
