<?xml version="1.0" encoding="UTF-8"?>
<!-- Generated by org.testng.reporters.JUnitXMLReporter -->
<testsuite ignored="3" hostname="DESKTOP-53EJ0K8" failures="0" tests="4" name="Test1" time="0.055" errors="0" timestamp="2023-10-21T07:16:02 IST">
  <testcase classname="ins.aiite.TestNGP1.SampleClass1" name="test2" time="0.005"/>
  <testcase classname="ins.aiite.TestNGP1.SampleClass2" name="username" time="0.001"/>
  <testcase classname="ins.aiite.TestNGP1.SampleClass2" name="password" time="0.001"/>
  <testcase classname="ins.aiite.TestNGP1.SampleClass2" name="login" time="0.0"/>
  <testcase classname="ins.aiite.TestNGP1.SampleClass1" name="test3" time="0.0">
    <ignored/>
  </testcase> <!-- test3 -->
  <testcase classname="ins.aiite.TestNGP1.SampleClass2" name="x" time="0.0">
    <ignored/>
  </testcase> <!-- x -->
  <testcase classname="ins.aiite.TestNGP1.SampleClass1" name="test1" time="0.0">
    <ignored/>
  </testcase> <!-- test1 -->
</testsuite> <!-- Test1 -->
